<?xml version="1.0" encoding="UTF-8" standalone="no"?>
<testsuite errors="0" failures="0" name="io.cucumber.core.plugin.JUnitFormatter" skipped="0" tests="4" time="12.064">
<testcase classname="Testing the API endpoint with RestAssured" name="Verify &amp; Find the pet id" time="6.801">
<system-out><![CDATA[When I send a Get request to get response code for petstore endpoint........passed
Then the response body should contains correct Response body................passed
And The Response Status code should be 200..................................passed
]]></system-out>
</testcase>
<testcase classname="Testing the API endpoint with RestAssured" name="Create a new response code" time="1.501">
<system-out><![CDATA[When I send a post request to create response body for petstore endpoint....passed
Then the response body should contains created Response body """ {"name":"bird"} """.passed
And The Response Status code should be created with expected code 405.......passed
]]></system-out>
</testcase>
<testcase classname="Testing the API endpoint with RestAssured" name="Update the pet id &amp; Name" time="1.422">
<system-out><![CDATA[When I send a Put request to update response body for petstore endpoint.....passed
Then the response body should contains updated Response body """ {"name":"puppy"} """.passed
And The Response Status code should be updated with expected code 405.......passed
]]></system-out>
</testcase>
<testcase classname="Testing the API endpoint with RestAssured" name="Remove the response code" time="1.448">
<system-out><![CDATA[When I send a Delete request to delete response code for petstore endpoint..passed
Then The Response Status code should be deleted with expected code 405......passed
]]></system-out>
</testcase>
</testsuite>
