<?xml version="1.0" encoding="UTF-8" standalone="no"?>
<testsuite failures="0" name="cucumber.runtime.formatter.JUnitFormatter" skipped="0" tests="4" time="36.816998">
<testcase classname="Testing the API endpoint with RestAssured" name="Verify &amp; Find the pet id" time="17.310454">
<system-out><![CDATA[When I send a Get request to get response code for petstore endpoint........passed
Then The Response Status code should be 200.................................passed
]]></system-out>
</testcase>
<testcase classname="Testing the API endpoint with RestAssured" name="Update the pet id &amp; Name" time="4.651401">
<system-out><![CDATA[When I send a Put request to update code for petstore endpoint..............passed
Then The Response Status code should be updated.............................passed
]]></system-out>
</testcase>
<testcase classname="Testing the API endpoint with RestAssured" name="Create a new response code" time="7.393866">
<system-out><![CDATA[When I send a post request to create response code for petstore endpoint....passed
Then The Response Status code should be created.............................passed
]]></system-out>
</testcase>
<testcase classname="Testing the API endpoint with RestAssured" name="Remove the response code" time="7.461277">
<system-out><![CDATA[When I send a Delete request to delete response code for petstore endpoint..passed
Then The Response Status code should be deleted.............................passed
]]></system-out>
</testcase>
</testsuite>
